<?xml version="1.0" encoding="UTF-8"?>
<testng-results ignored="0" total="1" passed="1" failed="0" skipped="0">
  <reporter-output>
  </reporter-output>
  <suite started-at="2022-05-15T19:33:09 CDT" name="Default suite" finished-at="2022-05-15T19:33:20 CDT" duration-ms="10858">
    <groups>
    </groups>
    <test started-at="2022-05-15T19:33:09 CDT" name="Default test" finished-at="2022-05-15T19:33:20 CDT" duration-ms="10858">
      <class name="test.ListContactTest">
        <test-method signature="validUserShouldBeAbleToAddCustomerAndConfirm()[pri:0, instance:test.ListContactTest@77eca502]" started-at="2022-05-15T19:33:09 CDT" name="validUserShouldBeAbleToAddCustomerAndConfirm" finished-at="2022-05-15T19:33:20 CDT" duration-ms="10821" status="PASS">
          <reporter-output>
          </reporter-output>
        </test-method> <!-- validUserShouldBeAbleToAddCustomerAndConfirm -->
      </class> <!-- test.ListContactTest -->
    </test> <!-- Default test -->
  </suite> <!-- Default suite -->
</testng-results>
